<?xml version="1.0" encoding="UTF-8"?>
<testng-results ignored="0" total="1" passed="1" failed="0" skipped="0">
  <reporter-output>
  </reporter-output>
  <suite started-at="2024-02-02T11:57:14 MYT" name="Default suite" finished-at="2024-02-02T11:57:15 MYT" duration-ms="272">
    <groups>
    </groups>
    <test started-at="2024-02-02T11:57:14 MYT" name="Default test" finished-at="2024-02-02T11:57:15 MYT" duration-ms="272">
      <class name="com.selenium.trainingOne.PDFTest">
        <test-method is-config="true" signature="setup()[pri:0, instance:com.selenium.trainingOne.PDFTest@7f485fda]" started-at="2024-02-02T11:57:14 MYT" name="setup" finished-at="2024-02-02T11:57:15 MYT" duration-ms="84" status="PASS">
          <reporter-output>
          </reporter-output>
        </test-method> <!-- setup -->
        <test-method signature="testcase01()[pri:0, instance:com.selenium.trainingOne.PDFTest@7f485fda]" started-at="2024-02-02T11:57:15 MYT" name="testcase01" finished-at="2024-02-02T11:57:15 MYT" duration-ms="151" status="PASS">
          <reporter-output>
          </reporter-output>
        </test-method> <!-- testcase01 -->
        <test-method is-config="true" signature="quit()[pri:0, instance:com.selenium.trainingOne.PDFTest@7f485fda]" started-at="2024-02-02T11:57:15 MYT" name="quit" finished-at="2024-02-02T11:57:15 MYT" duration-ms="1" status="PASS">
          <reporter-output>
          </reporter-output>
        </test-method> <!-- quit -->
      </class> <!-- com.selenium.trainingOne.PDFTest -->
    </test> <!-- Default test -->
  </suite> <!-- Default suite -->
</testng-results>
