<?xml version="1.0" encoding="UTF-8"?>
<!-- Generated by org.testng.reporters.JUnitXMLReporter -->
<testsuite ignored="0" hostname="DESKTOP-I81UH9T" failures="1" tests="2" name="Screenshot test 001" time="40.249" errors="0" timestamp="2024-02-20T11:37:31 MYT">
  <testcase classname="com.report.takeScreenshotProject.AppTest" name="TC001" time="0.071">
    <failure type="java.lang.AssertionError" message="Title does not match expected title expected [Orange] but found [OrangeHRM]">
      <![CDATA[java.lang.AssertionError: Title does not match expected title expected [Orange] but found [OrangeHRM]
at com.report.takeScreenshotProject.AppTest.TC001(AppTest.java:61)
at java.base/java.util.ArrayList.forEach(ArrayList.java:1511)
... Removed 32 stack frames]]>
    </failure>
  </testcase> <!-- TC001 -->
  <testcase classname="com.report.takeScreenshotProject.AppTest" name="TC002" time="4.908"/>
</testsuite> <!-- Screenshot test 001 -->
